Okt.-23 11:55:06.148 [main] DEBUG nextflow.cli.Launcher - $> nextflow run main.nf
Okt.-23 11:55:06.234 [main] INFO  nextflow.cli.CmdRun - N E X T F L O W  ~  version 23.10.0
Okt.-23 11:55:06.264 [main] DEBUG nextflow.plugin.PluginsFacade - Setting up plugin manager > mode=prod; embedded=false; plugins-dir=/home/pflo/.nextflow/plugins; core-plugins: nf-amazon@2.1.4,nf-azure@1.3.2,nf-cloudcache@0.3.0,nf-codecommit@0.1.5,nf-console@1.0.6,nf-ga4gh@1.1.0,nf-google@1.8.3,nf-tower@1.6.3,nf-wave@1.0.0
Okt.-23 11:55:06.283 [main] INFO  o.pf4j.DefaultPluginStatusProvider - Enabled plugins: []
Okt.-23 11:55:06.284 [main] INFO  o.pf4j.DefaultPluginStatusProvider - Disabled plugins: []
Okt.-23 11:55:06.288 [main] INFO  org.pf4j.DefaultPluginManager - PF4J version 3.4.1 in 'deployment' mode
Okt.-23 11:55:06.302 [main] INFO  org.pf4j.AbstractPluginManager - No plugins
Okt.-23 11:55:06.408 [main] DEBUG nextflow.cli.CmdRun - Applied DSL=2 by global default
Okt.-23 11:55:06.437 [main] INFO  nextflow.cli.CmdRun - Launching `main.nf` [mad_faggin] DSL2 - revision: d7d25f08bf
Okt.-23 11:55:06.438 [main] DEBUG nextflow.plugin.PluginsFacade - Plugins default=[]
Okt.-23 11:55:06.438 [main] DEBUG nextflow.plugin.PluginsFacade - Plugins resolved requirement=[]
Okt.-23 11:55:06.452 [main] DEBUG n.secret.LocalSecretsProvider - Secrets store: /home/pflo/.nextflow/secrets/store.json
Okt.-23 11:55:06.467 [main] DEBUG nextflow.secret.SecretsLoader - Discovered secrets providers: [nextflow.secret.LocalSecretsProvider@27f1bbe0] - activable => nextflow.secret.LocalSecretsProvider@27f1bbe0
Okt.-23 11:55:06.578 [main] DEBUG nextflow.Session - Session UUID: eabbcc9c-b1b4-4484-a28b-e7d9d42a6048
Okt.-23 11:55:06.579 [main] DEBUG nextflow.Session - Run name: mad_faggin
Okt.-23 11:55:06.581 [main] DEBUG nextflow.Session - Executor pool size: 4
Okt.-23 11:55:06.592 [main] DEBUG nextflow.file.FilePorter - File porter settings maxRetries=3; maxTransfers=50; pollTimeout=null
Okt.-23 11:55:06.599 [main] DEBUG nextflow.util.ThreadPoolBuilder - Creating thread pool 'FileTransfer' minSize=10; maxSize=12; workQueue=LinkedBlockingQueue[10000]; allowCoreThreadTimeout=false
Okt.-23 11:55:06.647 [main] DEBUG nextflow.cli.CmdRun - 
  Version: 23.10.0 build 5889
  Created: 15-10-2023 15:07 UTC (17:07 MESZ)
  System: Linux 6.2.0-35-generic
  Runtime: Groovy 3.0.19 on OpenJDK 64-Bit Server VM 11.0.20.1+1-post-Ubuntu-0ubuntu122.04
  Encoding: UTF-8 (UTF-8)
  Process: 3906@pflo-VirtualBox [127.0.1.1]
  CPUs: 4 - Mem: 7.7 GB (5.3 GB) - Swap: 2 GB (2 GB)
Okt.-23 11:55:06.678 [main] DEBUG nextflow.Session - Work-dir: /workflows/HelloWorld/work [ext2/ext3]
Okt.-23 11:55:06.679 [main] DEBUG nextflow.Session - Script base path does not exist or is not a directory: /workflows/HelloWorld/bin
Okt.-23 11:55:06.693 [main] DEBUG nextflow.executor.ExecutorFactory - Extension executors providers=[]
Okt.-23 11:55:06.706 [main] DEBUG nextflow.Session - Observer factory: DefaultObserverFactory
Okt.-23 11:55:06.731 [main] DEBUG nextflow.cache.CacheFactory - Using Nextflow cache factory: nextflow.cache.DefaultCacheFactory
Okt.-23 11:55:06.746 [main] DEBUG nextflow.util.CustomThreadPool - Creating default thread pool > poolSize: 5; maxThreads: 1000
Okt.-23 11:55:06.855 [main] DEBUG nextflow.Session - Session start
Okt.-23 11:55:07.554 [main] DEBUG nextflow.script.ScriptRunner - > Launching execution
Okt.-23 11:55:07.607 [main] DEBUG nextflow.executor.ExecutorFactory - << taskConfig executor: null
Okt.-23 11:55:07.607 [main] DEBUG nextflow.executor.ExecutorFactory - >> processorType: 'local'
Okt.-23 11:55:07.614 [main] DEBUG nextflow.executor.Executor - [warm up] executor > local
Okt.-23 11:55:07.621 [main] DEBUG n.processor.LocalPollingMonitor - Creating local task monitor for executor 'local' > cpus=4; memory=7.7 GB; capacity=4; pollInterval=100ms; dumpInterval=5m
Okt.-23 11:55:07.624 [main] DEBUG n.processor.TaskPollingMonitor - >>> barrier register (monitor: local)
Okt.-23 11:55:07.834 [main] DEBUG nextflow.Session - Workflow process names [dsl2]: sayHello
Okt.-23 11:55:07.835 [main] DEBUG nextflow.Session - Igniting dataflow network (1)
Okt.-23 11:55:07.835 [main] DEBUG nextflow.processor.TaskProcessor - Starting process > sayHello
Okt.-23 11:55:07.837 [main] DEBUG nextflow.script.ScriptRunner - Parsed script files:
  Script_158bba99c27f62b7: /workflows/HelloWorld/main.nf
Okt.-23 11:55:07.840 [main] DEBUG nextflow.script.ScriptRunner - > Awaiting termination 
Okt.-23 11:55:07.840 [main] DEBUG nextflow.Session - Session await
Okt.-23 11:55:08.087 [Task submitter] DEBUG n.executor.local.LocalTaskHandler - Launch cmd line: /bin/bash -ue .command.run
Okt.-23 11:55:08.091 [Task submitter] INFO  nextflow.Session - [26/772852] Submitted process > sayHello
Okt.-23 11:55:08.111 [Task monitor] DEBUG n.processor.TaskPollingMonitor - Task completed > TaskHandler[id: 1; name: sayHello; status: COMPLETED; exit: 0; error: -; workDir: /workflows/HelloWorld/work/26/772852fd29ac577576bbe1ca28043b]
Okt.-23 11:55:08.136 [main] DEBUG nextflow.Session - Session await > all processes finished
Okt.-23 11:55:08.143 [Task monitor] DEBUG n.processor.TaskPollingMonitor - <<< barrier arrives (monitor: local) - terminating tasks monitor poll loop
Okt.-23 11:55:08.143 [main] DEBUG nextflow.Session - Session await > all barriers passed
Okt.-23 11:55:08.149 [main] DEBUG n.trace.WorkflowStatsObserver - Workflow completed > WorkflowStats[succeededCount=1; failedCount=0; ignoredCount=0; cachedCount=0; pendingCount=0; submittedCount=0; runningCount=0; retriesCount=0; abortedCount=0; succeedDuration=2ms; failedDuration=0ms; cachedDuration=0ms;loadCpus=0; loadMemory=0; peakRunning=1; peakCpus=1; peakMemory=0; ]
Okt.-23 11:55:08.339 [main] DEBUG nextflow.cache.CacheDB - Closing CacheDB done
Okt.-23 11:55:08.360 [main] DEBUG nextflow.util.ThreadPoolManager - Thread pool 'FileTransfer' shutdown completed (hard=false)
Okt.-23 11:55:08.360 [main] DEBUG nextflow.script.ScriptRunner - > Execution complete -- Goodbye
