Okt.-23 17:30:27.109 [main] DEBUG nextflow.cli.Launcher - $> nextflow run example6.nf
Okt.-23 17:30:27.218 [main] INFO  nextflow.cli.CmdRun - N E X T F L O W  ~  version 23.10.0
Okt.-23 17:30:27.243 [main] DEBUG nextflow.plugin.PluginsFacade - Setting up plugin manager > mode=prod; embedded=false; plugins-dir=/home/pflo/.nextflow/plugins; core-plugins: nf-amazon@2.1.4,nf-azure@1.3.2,nf-cloudcache@0.3.0,nf-codecommit@0.1.5,nf-console@1.0.6,nf-ga4gh@1.1.0,nf-google@1.8.3,nf-tower@1.6.3,nf-wave@1.0.0
Okt.-23 17:30:27.258 [main] INFO  o.pf4j.DefaultPluginStatusProvider - Enabled plugins: []
Okt.-23 17:30:27.259 [main] INFO  o.pf4j.DefaultPluginStatusProvider - Disabled plugins: []
Okt.-23 17:30:27.262 [main] INFO  org.pf4j.DefaultPluginManager - PF4J version 3.4.1 in 'deployment' mode
Okt.-23 17:30:27.275 [main] INFO  org.pf4j.AbstractPluginManager - No plugins
Okt.-23 17:30:27.384 [main] DEBUG nextflow.cli.CmdRun - Applied DSL=2 by global default
Okt.-23 17:30:27.405 [main] INFO  nextflow.cli.CmdRun - Launching `example6.nf` [high_goldwasser] DSL2 - revision: 9ddc157ca9
Okt.-23 17:30:27.406 [main] DEBUG nextflow.plugin.PluginsFacade - Plugins default=[]
Okt.-23 17:30:27.406 [main] DEBUG nextflow.plugin.PluginsFacade - Plugins resolved requirement=[]
Okt.-23 17:30:27.420 [main] DEBUG n.secret.LocalSecretsProvider - Secrets store: /home/pflo/.nextflow/secrets/store.json
Okt.-23 17:30:27.429 [main] DEBUG nextflow.secret.SecretsLoader - Discovered secrets providers: [nextflow.secret.LocalSecretsProvider@201aa8c1] - activable => nextflow.secret.LocalSecretsProvider@201aa8c1
Okt.-23 17:30:27.524 [main] DEBUG nextflow.Session - Session UUID: d7b2f3ae-afc8-40c7-af44-d823f486d61f
Okt.-23 17:30:27.525 [main] DEBUG nextflow.Session - Run name: high_goldwasser
Okt.-23 17:30:27.527 [main] DEBUG nextflow.Session - Executor pool size: 4
Okt.-23 17:30:27.536 [main] DEBUG nextflow.file.FilePorter - File porter settings maxRetries=3; maxTransfers=50; pollTimeout=null
Okt.-23 17:30:27.543 [main] DEBUG nextflow.util.ThreadPoolBuilder - Creating thread pool 'FileTransfer' minSize=10; maxSize=12; workQueue=LinkedBlockingQueue[10000]; allowCoreThreadTimeout=false
Okt.-23 17:30:27.579 [main] DEBUG nextflow.cli.CmdRun - 
  Version: 23.10.0 build 5889
  Created: 15-10-2023 15:07 UTC (17:07 MESZ)
  System: Linux 6.2.0-35-generic
  Runtime: Groovy 3.0.19 on OpenJDK 64-Bit Server VM 11.0.20.1+1-post-Ubuntu-0ubuntu122.04
  Encoding: UTF-8 (UTF-8)
  Process: 24123@pflo-VirtualBox [127.0.1.1]
  CPUs: 4 - Mem: 7.7 GB (4.3 GB) - Swap: 2 GB (2 GB)
Okt.-23 17:30:27.611 [main] DEBUG nextflow.Session - Work-dir: /workflows/CreateFiles/work [ext2/ext3]
Okt.-23 17:30:27.612 [main] DEBUG nextflow.Session - Script base path does not exist or is not a directory: /workflows/CreateFiles/bin
Okt.-23 17:30:27.622 [main] DEBUG nextflow.executor.ExecutorFactory - Extension executors providers=[]
Okt.-23 17:30:27.636 [main] DEBUG nextflow.Session - Observer factory: DefaultObserverFactory
Okt.-23 17:30:27.672 [main] DEBUG nextflow.cache.CacheFactory - Using Nextflow cache factory: nextflow.cache.DefaultCacheFactory
Okt.-23 17:30:27.684 [main] DEBUG nextflow.util.CustomThreadPool - Creating default thread pool > poolSize: 5; maxThreads: 1000
Okt.-23 17:30:27.791 [main] DEBUG nextflow.Session - Session start
Okt.-23 17:30:28.607 [main] DEBUG nextflow.script.ScriptRunner - > Launching execution
Okt.-23 17:30:28.726 [main] DEBUG nextflow.executor.ExecutorFactory - << taskConfig executor: null
Okt.-23 17:30:28.726 [main] DEBUG nextflow.executor.ExecutorFactory - >> processorType: 'local'
Okt.-23 17:30:28.733 [main] DEBUG nextflow.executor.Executor - [warm up] executor > local
Okt.-23 17:30:28.739 [main] DEBUG n.processor.LocalPollingMonitor - Creating local task monitor for executor 'local' > cpus=4; memory=7.7 GB; capacity=4; pollInterval=100ms; dumpInterval=5m
Okt.-23 17:30:28.742 [main] DEBUG n.processor.TaskPollingMonitor - >>> barrier register (monitor: local)
Okt.-23 17:30:28.892 [main] DEBUG nextflow.executor.ExecutorFactory - << taskConfig executor: null
Okt.-23 17:30:28.892 [main] DEBUG nextflow.executor.ExecutorFactory - >> processorType: 'local'
Okt.-23 17:30:28.901 [main] DEBUG nextflow.executor.ExecutorFactory - << taskConfig executor: null
Okt.-23 17:30:28.902 [main] DEBUG nextflow.executor.ExecutorFactory - >> processorType: 'local'
Okt.-23 17:30:28.930 [main] DEBUG nextflow.Session - Workflow process names [dsl2]: createFiles, splitFile, joinFile
Okt.-23 17:30:28.936 [main] DEBUG nextflow.Session - Igniting dataflow network (4)
Okt.-23 17:30:28.936 [main] DEBUG nextflow.processor.TaskProcessor - Starting process > createFiles
Okt.-23 17:30:28.937 [main] DEBUG nextflow.processor.TaskProcessor - Starting process > splitFile
Okt.-23 17:30:28.941 [main] DEBUG nextflow.processor.TaskProcessor - Starting process > joinFile
Okt.-23 17:30:28.943 [main] DEBUG nextflow.script.ScriptRunner - Parsed script files:
  Script_7f5de3b6d610a573: /workflows/CreateFiles/example6.nf
Okt.-23 17:30:28.943 [main] DEBUG nextflow.script.ScriptRunner - > Awaiting termination 
Okt.-23 17:30:28.943 [main] DEBUG nextflow.Session - Session await
Okt.-23 17:30:29.198 [Task submitter] DEBUG n.executor.local.LocalTaskHandler - Launch cmd line: /bin/bash -ue .command.run
Okt.-23 17:30:29.200 [Task submitter] INFO  nextflow.Session - [24/3d6c6a] Submitted process > createFiles (2)
Okt.-23 17:30:29.209 [Task submitter] DEBUG n.executor.local.LocalTaskHandler - Launch cmd line: /bin/bash -ue .command.run
Okt.-23 17:30:29.211 [Task submitter] INFO  nextflow.Session - [63/189ed6] Submitted process > createFiles (3)
Okt.-23 17:30:29.216 [Task submitter] DEBUG n.executor.local.LocalTaskHandler - Launch cmd line: /bin/bash -ue .command.run
Okt.-23 17:30:29.221 [Task submitter] INFO  nextflow.Session - [b1/29df50] Submitted process > createFiles (4)
Okt.-23 17:30:29.226 [Task submitter] DEBUG n.executor.local.LocalTaskHandler - Launch cmd line: /bin/bash -ue .command.run
Okt.-23 17:30:29.231 [Task submitter] INFO  nextflow.Session - [2d/e11ed2] Submitted process > createFiles (1)
Okt.-23 17:30:29.252 [Task monitor] DEBUG n.processor.TaskPollingMonitor - Task completed > TaskHandler[id: 2; name: createFiles (2); status: COMPLETED; exit: 0; error: -; workDir: /workflows/CreateFiles/work/24/3d6c6a22a68ddbe2ff1916025fd74d]
Okt.-23 17:30:29.257 [Task submitter] DEBUG n.executor.local.LocalTaskHandler - Launch cmd line: /bin/bash -ue .command.run
Okt.-23 17:30:29.257 [Task submitter] INFO  nextflow.Session - [9c/2df2c2] Submitted process > createFiles (7)
Okt.-23 17:30:29.341 [Task monitor] DEBUG n.processor.TaskPollingMonitor - Task completed > TaskHandler[id: 3; name: createFiles (3); status: COMPLETED; exit: 0; error: -; workDir: /workflows/CreateFiles/work/63/189ed6669abcb7325d272887b57710]
Okt.-23 17:30:29.348 [Task submitter] DEBUG n.executor.local.LocalTaskHandler - Launch cmd line: /bin/bash -ue .command.run
Okt.-23 17:30:29.357 [Task submitter] INFO  nextflow.Session - [4a/a32c84] Submitted process > createFiles (8)
Okt.-23 17:30:29.362 [Task monitor] DEBUG n.processor.TaskPollingMonitor - Task completed > TaskHandler[id: 4; name: createFiles (4); status: COMPLETED; exit: 0; error: -; workDir: /workflows/CreateFiles/work/b1/29df50cddec2ff25009cb34fe1f7f1]
Okt.-23 17:30:29.367 [Task submitter] DEBUG n.executor.local.LocalTaskHandler - Launch cmd line: /bin/bash -ue .command.run
Okt.-23 17:30:29.368 [Task submitter] INFO  nextflow.Session - [83/08cc74] Submitted process > createFiles (5)
Okt.-23 17:30:29.371 [Task monitor] DEBUG n.processor.TaskPollingMonitor - Task completed > TaskHandler[id: 1; name: createFiles (1); status: COMPLETED; exit: 0; error: -; workDir: /workflows/CreateFiles/work/2d/e11ed2b216d96d698953bf4297b8a4]
Okt.-23 17:30:29.384 [Task submitter] DEBUG n.executor.local.LocalTaskHandler - Launch cmd line: /bin/bash -ue .command.run
Okt.-23 17:30:29.384 [Task submitter] INFO  nextflow.Session - [53/dab29e] Submitted process > createFiles (9)
Okt.-23 17:30:29.396 [Task monitor] DEBUG n.processor.TaskPollingMonitor - Task completed > TaskHandler[id: 7; name: createFiles (7); status: COMPLETED; exit: 0; error: -; workDir: /workflows/CreateFiles/work/9c/2df2c254eed407c30b719d2a52c736]
Okt.-23 17:30:29.399 [Task submitter] DEBUG n.executor.local.LocalTaskHandler - Launch cmd line: /bin/bash -ue .command.run
Okt.-23 17:30:29.399 [Task submitter] INFO  nextflow.Session - [63/96c585] Submitted process > createFiles (10)
Okt.-23 17:30:29.404 [Task monitor] DEBUG n.processor.TaskPollingMonitor - Task completed > TaskHandler[id: 8; name: createFiles (8); status: COMPLETED; exit: 0; error: -; workDir: /workflows/CreateFiles/work/4a/a32c84ed692038a7d7068bd2f24763]
Okt.-23 17:30:29.409 [Task submitter] DEBUG n.executor.local.LocalTaskHandler - Launch cmd line: /bin/bash -ue .command.run
Okt.-23 17:30:29.412 [Task submitter] INFO  nextflow.Session - [aa/daca37] Submitted process > createFiles (6)
Okt.-23 17:30:29.432 [Task monitor] DEBUG n.processor.TaskPollingMonitor - Task completed > TaskHandler[id: 5; name: createFiles (5); status: COMPLETED; exit: 0; error: -; workDir: /workflows/CreateFiles/work/83/08cc746717e3f310a66fb09c38de7d]
Okt.-23 17:30:29.439 [Task monitor] DEBUG n.processor.TaskPollingMonitor - Task completed > TaskHandler[id: 9; name: createFiles (9); status: COMPLETED; exit: 0; error: -; workDir: /workflows/CreateFiles/work/53/dab29ef4d3843f89cb61450c43c509]
Okt.-23 17:30:29.454 [Task monitor] DEBUG n.processor.TaskPollingMonitor - Task completed > TaskHandler[id: 10; name: createFiles (10); status: COMPLETED; exit: 0; error: -; workDir: /workflows/CreateFiles/work/63/96c5852d75144126f5f4f250fe887a]
Okt.-23 17:30:29.492 [Task monitor] DEBUG n.processor.TaskPollingMonitor - Task completed > TaskHandler[id: 6; name: createFiles (6); status: COMPLETED; exit: 0; error: -; workDir: /workflows/CreateFiles/work/aa/daca37e7875a3874f18cdfe3f5c817]
Okt.-23 17:30:29.556 [Task submitter] DEBUG n.executor.local.LocalTaskHandler - Launch cmd line: /bin/bash -ue .command.run
Okt.-23 17:30:29.556 [Task submitter] INFO  nextflow.Session - [c6/2a1dde] Submitted process > splitFile (4)
Okt.-23 17:30:29.561 [Task submitter] DEBUG n.executor.local.LocalTaskHandler - Launch cmd line: /bin/bash -ue .command.run
Okt.-23 17:30:29.561 [Task submitter] INFO  nextflow.Session - [7d/1c8e0d] Submitted process > splitFile (2)
Okt.-23 17:30:29.572 [Task submitter] DEBUG n.executor.local.LocalTaskHandler - Launch cmd line: /bin/bash -ue .command.run
Okt.-23 17:30:29.573 [Task submitter] INFO  nextflow.Session - [52/84b451] Submitted process > splitFile (3)
Okt.-23 17:30:29.592 [Task submitter] DEBUG n.executor.local.LocalTaskHandler - Launch cmd line: /bin/bash -ue .command.run
Okt.-23 17:30:29.592 [Task submitter] INFO  nextflow.Session - [3b/b46916] Submitted process > splitFile (1)
Okt.-23 17:30:32.138 [Task monitor] DEBUG n.processor.TaskPollingMonitor - Task completed > TaskHandler[id: 14; name: splitFile (4); status: COMPLETED; exit: 0; error: -; workDir: /workflows/CreateFiles/work/c6/2a1dde82aa5d6e2b2a9f6391aa715c]
Okt.-23 17:30:32.148 [Task submitter] DEBUG n.executor.local.LocalTaskHandler - Launch cmd line: /bin/bash -ue .command.run
Okt.-23 17:30:32.148 [Task submitter] INFO  nextflow.Session - [83/e3025f] Submitted process > splitFile (6)
Okt.-23 17:30:32.231 [Task monitor] DEBUG n.processor.TaskPollingMonitor - Task completed > TaskHandler[id: 12; name: splitFile (2); status: COMPLETED; exit: 0; error: -; workDir: /workflows/CreateFiles/work/7d/1c8e0d78de2975cecf3ea679bb1ad4]
Okt.-23 17:30:32.243 [Task submitter] DEBUG n.executor.local.LocalTaskHandler - Launch cmd line: /bin/bash -ue .command.run
Okt.-23 17:30:32.243 [Task submitter] INFO  nextflow.Session - [d0/9d2f24] Submitted process > splitFile (7)
Okt.-23 17:30:32.352 [Task monitor] DEBUG n.processor.TaskPollingMonitor - Task completed > TaskHandler[id: 11; name: splitFile (1); status: COMPLETED; exit: 0; error: -; workDir: /workflows/CreateFiles/work/3b/b469166ee1599d01b8699892d5bcc9]
Okt.-23 17:30:32.363 [Task submitter] DEBUG n.executor.local.LocalTaskHandler - Launch cmd line: /bin/bash -ue .command.run
Okt.-23 17:30:32.364 [Task submitter] INFO  nextflow.Session - [6a/77a95d] Submitted process > splitFile (5)
Okt.-23 17:30:32.376 [Task monitor] DEBUG n.processor.TaskPollingMonitor - Task completed > TaskHandler[id: 13; name: splitFile (3); status: COMPLETED; exit: 0; error: -; workDir: /workflows/CreateFiles/work/52/84b451369538e64c96430370ae45e2]
Okt.-23 17:30:32.379 [Task submitter] DEBUG n.executor.local.LocalTaskHandler - Launch cmd line: /bin/bash -ue .command.run
Okt.-23 17:30:32.380 [Task submitter] INFO  nextflow.Session - [26/95041b] Submitted process > splitFile (9)
Okt.-23 17:30:34.877 [Task monitor] DEBUG n.processor.TaskPollingMonitor - Task completed > TaskHandler[id: 16; name: splitFile (6); status: COMPLETED; exit: 0; error: -; workDir: /workflows/CreateFiles/work/83/e3025fcba4977e45dafe2627358bec]
Okt.-23 17:30:34.883 [Task submitter] DEBUG n.executor.local.LocalTaskHandler - Launch cmd line: /bin/bash -ue .command.run
Okt.-23 17:30:34.884 [Task submitter] INFO  nextflow.Session - [07/77ded5] Submitted process > splitFile (8)
Okt.-23 17:30:35.088 [Task monitor] DEBUG n.processor.TaskPollingMonitor - Task completed > TaskHandler[id: 17; name: splitFile (7); status: COMPLETED; exit: 0; error: -; workDir: /workflows/CreateFiles/work/d0/9d2f2428aec4a0ce6b7ca4d63116c8]
Okt.-23 17:30:35.091 [Task submitter] DEBUG n.executor.local.LocalTaskHandler - Launch cmd line: /bin/bash -ue .command.run
Okt.-23 17:30:35.091 [Task submitter] INFO  nextflow.Session - [42/f17524] Submitted process > splitFile (10)
Okt.-23 17:30:35.245 [Task monitor] DEBUG n.processor.TaskPollingMonitor - Task completed > TaskHandler[id: 19; name: splitFile (9); status: COMPLETED; exit: 0; error: -; workDir: /workflows/CreateFiles/work/26/95041b154c24f5ecce73ac81f99c2d]
Okt.-23 17:30:35.248 [Task submitter] DEBUG n.executor.local.LocalTaskHandler - Launch cmd line: /bin/bash -ue .command.run
Okt.-23 17:30:35.248 [Task submitter] INFO  nextflow.Session - [0e/48399f] Submitted process > joinFile (1)
Okt.-23 17:30:35.375 [Task monitor] DEBUG n.processor.TaskPollingMonitor - Task completed > TaskHandler[id: 21; name: joinFile (1); status: COMPLETED; exit: 0; error: -; workDir: /workflows/CreateFiles/work/0e/48399fc2efaeafa019893b791e46a3]
Okt.-23 17:30:35.378 [Task submitter] DEBUG n.executor.local.LocalTaskHandler - Launch cmd line: /bin/bash -ue .command.run
Okt.-23 17:30:35.378 [Task submitter] INFO  nextflow.Session - [54/8a1690] Submitted process > joinFile (2)
Okt.-23 17:30:35.507 [Task monitor] DEBUG n.processor.TaskPollingMonitor - Task completed > TaskHandler[id: 22; name: joinFile (2); status: COMPLETED; exit: 0; error: -; workDir: /workflows/CreateFiles/work/54/8a16905f468505eb01cea4cecb42d4]
Okt.-23 17:30:35.509 [Task submitter] DEBUG n.executor.local.LocalTaskHandler - Launch cmd line: /bin/bash -ue .command.run
Okt.-23 17:30:35.510 [Task submitter] INFO  nextflow.Session - [ff/ef6501] Submitted process > joinFile (3)
Okt.-23 17:30:35.525 [Task monitor] DEBUG n.processor.TaskPollingMonitor - Task completed > TaskHandler[id: 15; name: splitFile (5); status: COMPLETED; exit: 0; error: -; workDir: /workflows/CreateFiles/work/6a/77a95d8e52859189aecaad71a9d848]
Okt.-23 17:30:35.528 [Task submitter] DEBUG n.executor.local.LocalTaskHandler - Launch cmd line: /bin/bash -ue .command.run
Okt.-23 17:30:35.529 [Task submitter] INFO  nextflow.Session - [f1/22d7cb] Submitted process > joinFile (4)
Okt.-23 17:30:35.662 [Task monitor] DEBUG n.processor.TaskPollingMonitor - Task completed > TaskHandler[id: 24; name: joinFile (4); status: COMPLETED; exit: 0; error: -; workDir: /workflows/CreateFiles/work/f1/22d7cb748bdd99396d528613d64b19]
Okt.-23 17:30:35.668 [Task submitter] DEBUG n.executor.local.LocalTaskHandler - Launch cmd line: /bin/bash -ue .command.run
Okt.-23 17:30:35.668 [Task submitter] INFO  nextflow.Session - [ae/853188] Submitted process > joinFile (5)
Okt.-23 17:30:35.674 [Task monitor] DEBUG n.processor.TaskPollingMonitor - Task completed > TaskHandler[id: 23; name: joinFile (3); status: COMPLETED; exit: 0; error: -; workDir: /workflows/CreateFiles/work/ff/ef650192787815a2afc35fe6e4ff24]
Okt.-23 17:30:35.676 [Task submitter] DEBUG n.executor.local.LocalTaskHandler - Launch cmd line: /bin/bash -ue .command.run
Okt.-23 17:30:35.676 [Task submitter] INFO  nextflow.Session - [cd/fe9faa] Submitted process > joinFile (6)
Okt.-23 17:30:35.725 [Task monitor] DEBUG n.processor.TaskPollingMonitor - Task completed > TaskHandler[id: 26; name: joinFile (6); status: COMPLETED; exit: 0; error: -; workDir: /workflows/CreateFiles/work/cd/fe9faa0a476ffcb7d7231887d6667d]
Okt.-23 17:30:35.728 [Task submitter] DEBUG n.executor.local.LocalTaskHandler - Launch cmd line: /bin/bash -ue .command.run
Okt.-23 17:30:35.728 [Task monitor] DEBUG n.processor.TaskPollingMonitor - Task completed > TaskHandler[id: 25; name: joinFile (5); status: COMPLETED; exit: 0; error: -; workDir: /workflows/CreateFiles/work/ae/8531889457952b5fc7b1cb67a6da2a]
Okt.-23 17:30:35.729 [Task submitter] INFO  nextflow.Session - [e0/8515fc] Submitted process > joinFile (7)
Okt.-23 17:30:35.735 [Task submitter] DEBUG n.executor.local.LocalTaskHandler - Launch cmd line: /bin/bash -ue .command.run
Okt.-23 17:30:35.736 [Task submitter] INFO  nextflow.Session - [7e/0521e7] Submitted process > joinFile (8)
Okt.-23 17:30:35.827 [Task monitor] DEBUG n.processor.TaskPollingMonitor - Task completed > TaskHandler[id: 28; name: joinFile (8); status: COMPLETED; exit: 0; error: -; workDir: /workflows/CreateFiles/work/7e/0521e7d4df3bff3c8d7e2a4f2831dd]
Okt.-23 17:30:35.857 [Task monitor] DEBUG n.processor.TaskPollingMonitor - Task completed > TaskHandler[id: 27; name: joinFile (7); status: COMPLETED; exit: 0; error: -; workDir: /workflows/CreateFiles/work/e0/8515fc8b15cc1decc9d7c947d31b42]
Okt.-23 17:30:37.708 [Task monitor] DEBUG n.processor.TaskPollingMonitor - Task completed > TaskHandler[id: 18; name: splitFile (8); status: COMPLETED; exit: 0; error: -; workDir: /workflows/CreateFiles/work/07/77ded53cfc7601236a26731786d74b]
Okt.-23 17:30:37.720 [Task submitter] DEBUG n.executor.local.LocalTaskHandler - Launch cmd line: /bin/bash -ue .command.run
Okt.-23 17:30:37.720 [Task submitter] INFO  nextflow.Session - [44/86a2e4] Submitted process > joinFile (9)
Okt.-23 17:30:37.727 [Task monitor] DEBUG n.processor.TaskPollingMonitor - Task completed > TaskHandler[id: 20; name: splitFile (10); status: COMPLETED; exit: 0; error: -; workDir: /workflows/CreateFiles/work/42/f1752497637ca2292a0480429244b1]
Okt.-23 17:30:37.734 [Task submitter] DEBUG n.executor.local.LocalTaskHandler - Launch cmd line: /bin/bash -ue .command.run
Okt.-23 17:30:37.734 [Task submitter] INFO  nextflow.Session - [13/b6a4a5] Submitted process > joinFile (10)
Okt.-23 17:30:37.738 [Task monitor] DEBUG n.processor.TaskPollingMonitor - Task completed > TaskHandler[id: 29; name: joinFile (9); status: COMPLETED; exit: 0; error: -; workDir: /workflows/CreateFiles/work/44/86a2e4d7dbc6eac5e6c786c039c7ef]
Okt.-23 17:30:37.761 [Task monitor] DEBUG n.processor.TaskPollingMonitor - Task completed > TaskHandler[id: 30; name: joinFile (10); status: COMPLETED; exit: 0; error: -; workDir: /workflows/CreateFiles/work/13/b6a4a57f7e0db315ae5e0bd958797a]
Okt.-23 17:30:37.762 [main] DEBUG nextflow.Session - Session await > all processes finished
Okt.-23 17:30:37.763 [Task monitor] DEBUG n.processor.TaskPollingMonitor - <<< barrier arrives (monitor: local) - terminating tasks monitor poll loop
Okt.-23 17:30:37.764 [main] DEBUG nextflow.Session - Session await > all barriers passed
Okt.-23 17:30:37.772 [main] DEBUG n.trace.WorkflowStatsObserver - Workflow completed > WorkflowStats[succeededCount=30; failedCount=0; ignoredCount=0; cachedCount=0; pendingCount=0; submittedCount=0; runningCount=0; retriesCount=0; abortedCount=0; succeedDuration=27.5s; failedDuration=0ms; cachedDuration=0ms;loadCpus=0; loadMemory=0; peakRunning=4; peakCpus=4; peakMemory=0; ]
Okt.-23 17:30:37.929 [main] DEBUG nextflow.cache.CacheDB - Closing CacheDB done
Okt.-23 17:30:37.939 [main] DEBUG nextflow.util.ThreadPoolManager - Thread pool 'FileTransfer' shutdown completed (hard=false)
Okt.-23 17:30:37.939 [main] DEBUG nextflow.script.ScriptRunner - > Execution complete -- Goodbye
